app/build/intermediates/manifest_merge_blame_file/debug/processDebugMainManifest/manifest-merger-blame-debug-report.txt
1<?xml version="1.0" encoding="utf-8"?>
2<manifest xmlns:android="http://schemas.android.com/apk/res/android"
3    package="com.example.bubbletalk20"
4    android:versionCode="1"
5    android:versionName="1.0" >
6
7    <uses-sdk
8        android:minSdkVersion="24"
9        android:targetSdkVersion="35" />
10
11    <permission
11-->[androidx.core:core:1.10.1] AndroidManifest.xml:22:5-24:47
12        android:name="com.example.bubbletalk20.DYNAMIC_RECEIVER_NOT_EXPORTED_PERMISSION"
12-->[androidx.core:core:1.10.1] AndroidManifest.xml:23:9-81
13        android:protectionLevel="signature" />
13-->[androidx.core:core:1.10.1] AndroidManifest.xml:24:9-44
14
15    <uses-permission android:name="com.example.bubbletalk20.DYNAMIC_RECEIVER_NOT_EXPORTED_PERMISSION" /> <!-- 如果您的 App 會使用網路或其他權限，可在這裡一併申請 -->
15-->[androidx.core:core:1.10.1] AndroidManifest.xml:26:5-97
15-->[androidx.core:core:1.10.1] AndroidManifest.xml:26:22-94
16<!--     <uses-permission android:name="android.permission.INTERNET"/> -->
17    <application
17-->src\main\AndroidManifest.xml:10:5-79:19
18        android:allowBackup="true"
18-->src\main\AndroidManifest.xml:11:9-35
19        android:appComponentFactory="androidx.core.app.CoreComponentFactory"
19-->[androidx.core:core:1.10.1] AndroidManifest.xml:28:18-86
20        android:debuggable="true"
21        android:extractNativeLibs="false"
22        android:icon="@mipmap/ic_launcher"
22-->src\main\AndroidManifest.xml:12:9-43
23        android:label="@string/app_name"
23-->src\main\AndroidManifest.xml:13:9-41
24        android:roundIcon="@mipmap/ic_launcher_round"
24-->src\main\AndroidManifest.xml:14:9-54
25        android:supportsRtl="true"
25-->src\main\AndroidManifest.xml:15:9-35
26        android:testOnly="true"
27        android:theme="@style/Theme.BubbleTalk20" >
27-->src\main\AndroidManifest.xml:16:9-50
28        <service
28-->src\main\AndroidManifest.xml:19:9-21:40
29            android:name="com.example.bubbletalk20.MusicService"
29-->src\main\AndroidManifest.xml:20:13-41
30            android:exported="false" />
30-->src\main\AndroidManifest.xml:21:13-37
31
32        <!-- ThemeWordsActivity -->
33        <activity
33-->src\main\AndroidManifest.xml:25:9-27:40
34            android:name="com.example.bubbletalk20.ThemeWordsActivity"
34-->src\main\AndroidManifest.xml:26:13-47
35            android:exported="false" />
35-->src\main\AndroidManifest.xml:27:13-37
36
37        <!-- ThemeAdapter（如果您把 Adapter 做成 Activity，也要宣告） -->
38        <activity
38-->src\main\AndroidManifest.xml:30:9-32:40
39            android:name="com.example.bubbletalk20.ThemeAdapter"
39-->src\main\AndroidManifest.xml:31:13-41
40            android:exported="false" />
40-->src\main\AndroidManifest.xml:32:13-37
41
42        <!-- 針對自訂的 activity_theme (如果有獨立的 Activity) -->
43        <activity
43-->src\main\AndroidManifest.xml:35:9-37:40
44            android:name="com.example.bubbletalk20.activity_theme"
44-->src\main\AndroidManifest.xml:36:13-43
45            android:exported="false" />
45-->src\main\AndroidManifest.xml:37:13-37
46
47        <!-- LetterWordsAdapter（若是直接啟動，才需要；通常 Adapter 不用宣告成 Activity） -->
48        <activity
48-->src\main\AndroidManifest.xml:40:9-42:40
49            android:name="com.example.bubbletalk20.LetterWordsAdapter"
49-->src\main\AndroidManifest.xml:41:13-47
50            android:exported="false" />
50-->src\main\AndroidManifest.xml:42:13-37
51
52        <!-- LetterWordsActivity -->
53        <activity
53-->src\main\AndroidManifest.xml:45:9-47:40
54            android:name="com.example.bubbletalk20.LetterWordsActivity"
54-->src\main\AndroidManifest.xml:46:13-48
55            android:exported="false" />
55-->src\main\AndroidManifest.xml:47:13-37
56
57        <!-- LetterAdapter（同上，若您把 Adapter 當 Activity 用才需宣告） -->
58        <activity
58-->src\main\AndroidManifest.xml:50:9-52:40
59            android:name="com.example.bubbletalk20.LetterAdapter"
59-->src\main\AndroidManifest.xml:51:13-42
60            android:exported="false" />
60-->src\main\AndroidManifest.xml:52:13-37
61
62        <!-- ThemeActivity -->
63        <activity
63-->src\main\AndroidManifest.xml:55:9-57:40
64            android:name="com.example.bubbletalk20.ThemeActivity"
64-->src\main\AndroidManifest.xml:56:13-42
65            android:exported="false" />
65-->src\main\AndroidManifest.xml:57:13-37
66
67        <!-- AZActivity -->
68        <activity
68-->src\main\AndroidManifest.xml:60:9-62:40
69            android:name="com.example.bubbletalk20.AZActivity"
69-->src\main\AndroidManifest.xml:61:13-39
70            android:exported="false" />
70-->src\main\AndroidManifest.xml:62:13-37
71
72        <!-- AlphabetActivity -->
73        <activity
73-->src\main\AndroidManifest.xml:65:9-67:40
74            android:name="com.example.bubbletalk20.AlphabetActivity"
74-->src\main\AndroidManifest.xml:66:13-45
75            android:exported="false" />
75-->src\main\AndroidManifest.xml:67:13-37
76
77        <!-- MainActivity（含 LAUNCHER intent-filter） -->
78        <activity
78-->src\main\AndroidManifest.xml:70:9-77:20
79            android:name="com.example.bubbletalk20.MainActivity"
79-->src\main\AndroidManifest.xml:71:13-41
80            android:exported="true" >
80-->src\main\AndroidManifest.xml:72:13-36
81            <intent-filter>
81-->src\main\AndroidManifest.xml:73:13-76:29
82                <action android:name="android.intent.action.MAIN" />
82-->src\main\AndroidManifest.xml:74:17-69
82-->src\main\AndroidManifest.xml:74:25-66
83
84                <category android:name="android.intent.category.LAUNCHER" />
84-->src\main\AndroidManifest.xml:75:17-77
84-->src\main\AndroidManifest.xml:75:27-74
85            </intent-filter>
86        </activity>
87
88        <provider
88-->[androidx.emoji2:emoji2:1.2.0] AndroidManifest.xml:24:9-32:20
89            android:name="androidx.startup.InitializationProvider"
89-->[androidx.emoji2:emoji2:1.2.0] AndroidManifest.xml:25:13-67
90            android:authorities="com.example.bubbletalk20.androidx-startup"
90-->[androidx.emoji2:emoji2:1.2.0] AndroidManifest.xml:26:13-68
91            android:exported="false" >
91-->[androidx.emoji2:emoji2:1.2.0] AndroidManifest.xml:27:13-37
92            <meta-data
92-->[androidx.emoji2:emoji2:1.2.0] AndroidManifest.xml:29:13-31:52
93                android:name="androidx.emoji2.text.EmojiCompatInitializer"
93-->[androidx.emoji2:emoji2:1.2.0] AndroidManifest.xml:30:17-75
94                android:value="androidx.startup" />
94-->[androidx.emoji2:emoji2:1.2.0] AndroidManifest.xml:31:17-49
95            <meta-data
95-->[androidx.lifecycle:lifecycle-process:2.6.1] AndroidManifest.xml:29:13-31:52
96                android:name="androidx.lifecycle.ProcessLifecycleInitializer"
96-->[androidx.lifecycle:lifecycle-process:2.6.1] AndroidManifest.xml:30:17-78
97                android:value="androidx.startup" />
97-->[androidx.lifecycle:lifecycle-process:2.6.1] AndroidManifest.xml:31:17-49
98            <meta-data
98-->[androidx.profileinstaller:profileinstaller:1.3.0] AndroidManifest.xml:29:13-31:52
99                android:name="androidx.profileinstaller.ProfileInstallerInitializer"
99-->[androidx.profileinstaller:profileinstaller:1.3.0] AndroidManifest.xml:30:17-85
100                android:value="androidx.startup" />
100-->[androidx.profileinstaller:profileinstaller:1.3.0] AndroidManifest.xml:31:17-49
101        </provider>
102
103        <receiver
103-->[androidx.profileinstaller:profileinstaller:1.3.0] AndroidManifest.xml:34:9-52:20
104            android:name="androidx.profileinstaller.ProfileInstallReceiver"
104-->[androidx.profileinstaller:profileinstaller:1.3.0] AndroidManifest.xml:35:13-76
105            android:directBootAware="false"
105-->[androidx.profileinstaller:profileinstaller:1.3.0] AndroidManifest.xml:36:13-44
106            android:enabled="true"
106-->[androidx.profileinstaller:profileinstaller:1.3.0] AndroidManifest.xml:37:13-35
107            android:exported="true"
107-->[androidx.profileinstaller:profileinstaller:1.3.0] AndroidManifest.xml:38:13-36
108            android:permission="android.permission.DUMP" >
108-->[androidx.profileinstaller:profileinstaller:1.3.0] AndroidManifest.xml:39:13-57
109            <intent-filter>
109-->[androidx.profileinstaller:profileinstaller:1.3.0] AndroidManifest.xml:40:13-42:29
110                <action android:name="androidx.profileinstaller.action.INSTALL_PROFILE" />
110-->[androidx.profileinstaller:profileinstaller:1.3.0] AndroidManifest.xml:41:17-91
110-->[androidx.profileinstaller:profileinstaller:1.3.0] AndroidManifest.xml:41:25-88
111            </intent-filter>
112            <intent-filter>
112-->[androidx.profileinstaller:profileinstaller:1.3.0] AndroidManifest.xml:43:13-45:29
113                <action android:name="androidx.profileinstaller.action.SKIP_FILE" />
113-->[androidx.profileinstaller:profileinstaller:1.3.0] AndroidManifest.xml:44:17-85
113-->[androidx.profileinstaller:profileinstaller:1.3.0] AndroidManifest.xml:44:25-82
114            </intent-filter>
115            <intent-filter>
115-->[androidx.profileinstaller:profileinstaller:1.3.0] AndroidManifest.xml:46:13-48:29
116                <action android:name="androidx.profileinstaller.action.SAVE_PROFILE" />
116-->[androidx.profileinstaller:profileinstaller:1.3.0] AndroidManifest.xml:47:17-88
116-->[androidx.profileinstaller:profileinstaller:1.3.0] AndroidManifest.xml:47:25-85
117            </intent-filter>
118            <intent-filter>
118-->[androidx.profileinstaller:profileinstaller:1.3.0] AndroidManifest.xml:49:13-51:29
119                <action android:name="androidx.profileinstaller.action.BENCHMARK_OPERATION" />
119-->[androidx.profileinstaller:profileinstaller:1.3.0] AndroidManifest.xml:50:17-95
119-->[androidx.profileinstaller:profileinstaller:1.3.0] AndroidManifest.xml:50:25-92
120            </intent-filter>
121        </receiver>
122    </application>
123
124</manifest>